Product projects
---------------------------------------


Test projects
---------------------------------------
C:\Users\Климнюк\tring\App\Zenject.csproj
C:\Users\Климнюк\tring\App\EditorMigrationScripts.csproj
C:\Users\Климнюк\tring\App\Zenject-TestFramework.csproj
C:\Users\Климнюк\tring\App\Zenject-Editor.csproj
C:\Users\Климнюк\tring\App\Zenject-ReflectionBaking-Editor.csproj
C:\Users\Климнюк\tring\App\Zenject-PoolMonitor-Editor.csproj
C:\Users\Климнюк\tring\App\Assembly-CSharp-firstpass.csproj
C:\Users\Климнюк\tring\App\Assembly-CSharp-Editor-firstpass.csproj
C:\Users\Климнюк\tring\App\Assembly-CSharp.csproj
C:\Users\Климнюк\tring\App\Assembly-CSharp-Editor.csproj


Invalid projects
---------------------------------------
{none}


Skipped projects
---------------------------------------
{none}


Excluded projects
---------------------------------------
{none}


